2019-09-24 10:06:19 [main] DEBUG fr.triedge.sekai.pixis.controller.PixisController - Starting initialization...
2019-09-24 10:06:19 [main] DEBUG fr.triedge.sekai.pixis.controller.PixisController - Initialization completed
2019-09-24 10:06:19 [main] DEBUG fr.triedge.sekai.pixis.ui.MainWindow - Windows built
2019-09-24 10:06:22 [AWT-EventQueue-0] DEBUG fr.triedge.sekai.pixis.controller.PixisController - ACTION CALLED: New Project
2019-09-24 10:06:27 [AWT-EventQueue-0] ERROR fr.triedge.sekai.pixis.controller.PixisController - Cannot save project Sekai.prj
com.sun.xml.internal.bind.v2.runtime.IllegalAnnotationsException: 1 counts of IllegalAnnotationExceptions
	at com.sun.xml.internal.bind.v2.runtime.IllegalAnnotationsException$Builder.check(IllegalAnnotationsException.java:91) ~[?:1.8.0_121]
	at com.sun.xml.internal.bind.v2.runtime.JAXBContextImpl.getTypeInfoSet(JAXBContextImpl.java:445) ~[?:1.8.0_121]
	at com.sun.xml.internal.bind.v2.runtime.JAXBContextImpl.<init>(JAXBContextImpl.java:277) ~[?:1.8.0_121]
	at com.sun.xml.internal.bind.v2.runtime.JAXBContextImpl.<init>(JAXBContextImpl.java:124) ~[?:1.8.0_121]
	at com.sun.xml.internal.bind.v2.runtime.JAXBContextImpl$JAXBContextBuilder.build(JAXBContextImpl.java:1123) ~[?:1.8.0_121]
	at com.sun.xml.internal.bind.v2.ContextFactory.createContext(ContextFactory.java:147) ~[?:1.8.0_121]
	at sun.reflect.NativeMethodAccessorImpl.invoke0(Native Method) ~[?:1.8.0_121]
	at sun.reflect.NativeMethodAccessorImpl.invoke(NativeMethodAccessorImpl.java:62) ~[?:1.8.0_121]
	at sun.reflect.DelegatingMethodAccessorImpl.invoke(DelegatingMethodAccessorImpl.java:43) ~[?:1.8.0_121]
	at java.lang.reflect.Method.invoke(Method.java:498) ~[?:1.8.0_121]
	at javax.xml.bind.ContextFinder.newInstance(ContextFinder.java:247) ~[?:1.8.0_121]
	at javax.xml.bind.ContextFinder.newInstance(ContextFinder.java:234) ~[?:1.8.0_121]
	at javax.xml.bind.ContextFinder.find(ContextFinder.java:462) ~[?:1.8.0_121]
	at javax.xml.bind.JAXBContext.newInstance(JAXBContext.java:641) ~[?:1.8.0_121]
	at javax.xml.bind.JAXBContext.newInstance(JAXBContext.java:584) ~[?:1.8.0_121]
	at fr.triedge.sekai.common.utils.XmlHelper.storeXml(XmlHelper.java:26) ~[bin/:?]
	at fr.triedge.sekai.pixis.utils.Storage.storeProject(Storage.java:13) ~[bin/:?]
	at fr.triedge.sekai.pixis.utils.Storage.storeProjectToDefault(Storage.java:17) ~[bin/:?]
	at fr.triedge.sekai.pixis.model.Project.save(Project.java:26) ~[bin/:?]
	at fr.triedge.sekai.pixis.controller.PixisController.actionNewProject(PixisController.java:85) ~[bin/:?]
	at fr.triedge.sekai.pixis.ui.MainWindow.lambda$3(MainWindow.java:106) ~[bin/:?]
	at javax.swing.AbstractButton.fireActionPerformed(AbstractButton.java:2022) [?:1.8.0_121]
	at javax.swing.AbstractButton$Handler.actionPerformed(AbstractButton.java:2348) [?:1.8.0_121]
	at javax.swing.DefaultButtonModel.fireActionPerformed(DefaultButtonModel.java:402) [?:1.8.0_121]
	at javax.swing.DefaultButtonModel.setPressed(DefaultButtonModel.java:259) [?:1.8.0_121]
	at javax.swing.AbstractButton.doClick(AbstractButton.java:376) [?:1.8.0_121]
	at javax.swing.plaf.basic.BasicMenuItemUI.doClick(BasicMenuItemUI.java:833) [?:1.8.0_121]
	at javax.swing.plaf.basic.BasicMenuItemUI$Handler.mouseReleased(BasicMenuItemUI.java:877) [?:1.8.0_121]
	at java.awt.Component.processMouseEvent(Component.java:6533) [?:1.8.0_121]
	at javax.swing.JComponent.processMouseEvent(JComponent.java:3324) [?:1.8.0_121]
	at java.awt.Component.processEvent(Component.java:6298) [?:1.8.0_121]
	at java.awt.Container.processEvent(Container.java:2236) [?:1.8.0_121]
	at java.awt.Component.dispatchEventImpl(Component.java:4889) [?:1.8.0_121]
	at java.awt.Container.dispatchEventImpl(Container.java:2294) [?:1.8.0_121]
	at java.awt.Component.dispatchEvent(Component.java:4711) [?:1.8.0_121]
	at java.awt.LightweightDispatcher.retargetMouseEvent(Container.java:4888) [?:1.8.0_121]
	at java.awt.LightweightDispatcher.processMouseEvent(Container.java:4525) [?:1.8.0_121]
	at java.awt.LightweightDispatcher.dispatchEvent(Container.java:4466) [?:1.8.0_121]
	at java.awt.Container.dispatchEventImpl(Container.java:2280) [?:1.8.0_121]
	at java.awt.Window.dispatchEventImpl(Window.java:2746) [?:1.8.0_121]
	at java.awt.Component.dispatchEvent(Component.java:4711) [?:1.8.0_121]
	at java.awt.EventQueue.dispatchEventImpl(EventQueue.java:758) [?:1.8.0_121]
	at java.awt.EventQueue.access$500(EventQueue.java:97) [?:1.8.0_121]
	at java.awt.EventQueue$3.run(EventQueue.java:709) [?:1.8.0_121]
	at java.awt.EventQueue$3.run(EventQueue.java:703) [?:1.8.0_121]
	at java.security.AccessController.doPrivileged(Native Method) ~[?:1.8.0_121]
	at java.security.ProtectionDomain$JavaSecurityAccessImpl.doIntersectionPrivilege(ProtectionDomain.java:80) [?:1.8.0_121]
	at java.security.ProtectionDomain$JavaSecurityAccessImpl.doIntersectionPrivilege(ProtectionDomain.java:90) [?:1.8.0_121]
	at java.awt.EventQueue$4.run(EventQueue.java:731) [?:1.8.0_121]
	at java.awt.EventQueue$4.run(EventQueue.java:729) [?:1.8.0_121]
	at java.security.AccessController.doPrivileged(Native Method) ~[?:1.8.0_121]
	at java.security.ProtectionDomain$JavaSecurityAccessImpl.doIntersectionPrivilege(ProtectionDomain.java:80) [?:1.8.0_121]
	at java.awt.EventQueue.dispatchEvent(EventQueue.java:728) [?:1.8.0_121]
	at java.awt.EventDispatchThread.pumpOneEventForFilters(EventDispatchThread.java:201) [?:1.8.0_121]
	at java.awt.EventDispatchThread.pumpEventsForFilter(EventDispatchThread.java:116) [?:1.8.0_121]
	at java.awt.EventDispatchThread.pumpEventsForHierarchy(EventDispatchThread.java:105) [?:1.8.0_121]
	at java.awt.EventDispatchThread.pumpEvents(EventDispatchThread.java:101) [?:1.8.0_121]
	at java.awt.EventDispatchThread.pumpEvents(EventDispatchThread.java:93) [?:1.8.0_121]
	at java.awt.EventDispatchThread.run(EventDispatchThread.java:82) [?:1.8.0_121]
2019-09-24 10:06:27 [AWT-EventQueue-0] DEBUG fr.triedge.sekai.pixis.controller.PixisController - ACTION DONE: New Project
2019-09-24 10:13:35 [main] DEBUG fr.triedge.sekai.pixis.controller.PixisController - Starting initialization...
2019-09-24 10:13:35 [main] DEBUG fr.triedge.sekai.pixis.controller.PixisController - Initialization completed
2019-09-24 10:13:35 [main] DEBUG fr.triedge.sekai.pixis.ui.MainWindow - Windows built
2019-09-24 10:13:38 [AWT-EventQueue-0] DEBUG fr.triedge.sekai.pixis.controller.PixisController - ACTION CALLED: New Project
2019-09-24 10:13:40 [AWT-EventQueue-0] ERROR fr.triedge.sekai.pixis.controller.PixisController - Cannot save project project1.prj
com.sun.xml.internal.bind.v2.runtime.IllegalAnnotationsException: 1 counts of IllegalAnnotationExceptions
	at com.sun.xml.internal.bind.v2.runtime.IllegalAnnotationsException$Builder.check(IllegalAnnotationsException.java:91) ~[?:1.8.0_121]
	at com.sun.xml.internal.bind.v2.runtime.JAXBContextImpl.getTypeInfoSet(JAXBContextImpl.java:445) ~[?:1.8.0_121]
	at com.sun.xml.internal.bind.v2.runtime.JAXBContextImpl.<init>(JAXBContextImpl.java:277) ~[?:1.8.0_121]
	at com.sun.xml.internal.bind.v2.runtime.JAXBContextImpl.<init>(JAXBContextImpl.java:124) ~[?:1.8.0_121]
	at com.sun.xml.internal.bind.v2.runtime.JAXBContextImpl$JAXBContextBuilder.build(JAXBContextImpl.java:1123) ~[?:1.8.0_121]
	at com.sun.xml.internal.bind.v2.ContextFactory.createContext(ContextFactory.java:147) ~[?:1.8.0_121]
	at sun.reflect.NativeMethodAccessorImpl.invoke0(Native Method) ~[?:1.8.0_121]
	at sun.reflect.NativeMethodAccessorImpl.invoke(NativeMethodAccessorImpl.java:62) ~[?:1.8.0_121]
	at sun.reflect.DelegatingMethodAccessorImpl.invoke(DelegatingMethodAccessorImpl.java:43) ~[?:1.8.0_121]
	at java.lang.reflect.Method.invoke(Method.java:498) ~[?:1.8.0_121]
	at javax.xml.bind.ContextFinder.newInstance(ContextFinder.java:247) ~[?:1.8.0_121]
	at javax.xml.bind.ContextFinder.newInstance(ContextFinder.java:234) ~[?:1.8.0_121]
	at javax.xml.bind.ContextFinder.find(ContextFinder.java:462) ~[?:1.8.0_121]
	at javax.xml.bind.JAXBContext.newInstance(JAXBContext.java:641) ~[?:1.8.0_121]
	at javax.xml.bind.JAXBContext.newInstance(JAXBContext.java:584) ~[?:1.8.0_121]
	at fr.triedge.sekai.common.utils.XmlHelper.storeXml(XmlHelper.java:26) ~[bin/:?]
	at fr.triedge.sekai.pixis.utils.Storage.storeProject(Storage.java:13) ~[bin/:?]
	at fr.triedge.sekai.pixis.utils.Storage.storeProjectToDefault(Storage.java:17) ~[bin/:?]
	at fr.triedge.sekai.pixis.model.Project.save(Project.java:26) ~[bin/:?]
	at fr.triedge.sekai.pixis.controller.PixisController.actionNewProject(PixisController.java:86) ~[bin/:?]
	at fr.triedge.sekai.pixis.ui.MainWindow.lambda$3(MainWindow.java:106) ~[bin/:?]
	at javax.swing.AbstractButton.fireActionPerformed(AbstractButton.java:2022) [?:1.8.0_121]
	at javax.swing.AbstractButton$Handler.actionPerformed(AbstractButton.java:2348) [?:1.8.0_121]
	at javax.swing.DefaultButtonModel.fireActionPerformed(DefaultButtonModel.java:402) [?:1.8.0_121]
	at javax.swing.DefaultButtonModel.setPressed(DefaultButtonModel.java:259) [?:1.8.0_121]
	at javax.swing.AbstractButton.doClick(AbstractButton.java:376) [?:1.8.0_121]
	at javax.swing.plaf.basic.BasicMenuItemUI.doClick(BasicMenuItemUI.java:833) [?:1.8.0_121]
	at javax.swing.plaf.basic.BasicMenuItemUI$Handler.mouseReleased(BasicMenuItemUI.java:877) [?:1.8.0_121]
	at java.awt.Component.processMouseEvent(Component.java:6533) [?:1.8.0_121]
	at javax.swing.JComponent.processMouseEvent(JComponent.java:3324) [?:1.8.0_121]
	at java.awt.Component.processEvent(Component.java:6298) [?:1.8.0_121]
	at java.awt.Container.processEvent(Container.java:2236) [?:1.8.0_121]
	at java.awt.Component.dispatchEventImpl(Component.java:4889) [?:1.8.0_121]
	at java.awt.Container.dispatchEventImpl(Container.java:2294) [?:1.8.0_121]
	at java.awt.Component.dispatchEvent(Component.java:4711) [?:1.8.0_121]
	at java.awt.LightweightDispatcher.retargetMouseEvent(Container.java:4888) [?:1.8.0_121]
	at java.awt.LightweightDispatcher.processMouseEvent(Container.java:4525) [?:1.8.0_121]
	at java.awt.LightweightDispatcher.dispatchEvent(Container.java:4466) [?:1.8.0_121]
	at java.awt.Container.dispatchEventImpl(Container.java:2280) [?:1.8.0_121]
	at java.awt.Window.dispatchEventImpl(Window.java:2746) [?:1.8.0_121]
	at java.awt.Component.dispatchEvent(Component.java:4711) [?:1.8.0_121]
	at java.awt.EventQueue.dispatchEventImpl(EventQueue.java:758) [?:1.8.0_121]
	at java.awt.EventQueue.access$500(EventQueue.java:97) [?:1.8.0_121]
	at java.awt.EventQueue$3.run(EventQueue.java:709) [?:1.8.0_121]
	at java.awt.EventQueue$3.run(EventQueue.java:703) [?:1.8.0_121]
	at java.security.AccessController.doPrivileged(Native Method) ~[?:1.8.0_121]
	at java.security.ProtectionDomain$JavaSecurityAccessImpl.doIntersectionPrivilege(ProtectionDomain.java:80) [?:1.8.0_121]
	at java.security.ProtectionDomain$JavaSecurityAccessImpl.doIntersectionPrivilege(ProtectionDomain.java:90) [?:1.8.0_121]
	at java.awt.EventQueue$4.run(EventQueue.java:731) [?:1.8.0_121]
	at java.awt.EventQueue$4.run(EventQueue.java:729) [?:1.8.0_121]
	at java.security.AccessController.doPrivileged(Native Method) ~[?:1.8.0_121]
	at java.security.ProtectionDomain$JavaSecurityAccessImpl.doIntersectionPrivilege(ProtectionDomain.java:80) [?:1.8.0_121]
	at java.awt.EventQueue.dispatchEvent(EventQueue.java:728) [?:1.8.0_121]
	at java.awt.EventDispatchThread.pumpOneEventForFilters(EventDispatchThread.java:201) [?:1.8.0_121]
	at java.awt.EventDispatchThread.pumpEventsForFilter(EventDispatchThread.java:116) [?:1.8.0_121]
	at java.awt.EventDispatchThread.pumpEventsForHierarchy(EventDispatchThread.java:105) [?:1.8.0_121]
	at java.awt.EventDispatchThread.pumpEvents(EventDispatchThread.java:101) [?:1.8.0_121]
	at java.awt.EventDispatchThread.pumpEvents(EventDispatchThread.java:93) [?:1.8.0_121]
	at java.awt.EventDispatchThread.run(EventDispatchThread.java:82) [?:1.8.0_121]
2019-09-24 10:13:40 [AWT-EventQueue-0] DEBUG fr.triedge.sekai.pixis.controller.PixisController - ACTION DONE: New Project
2019-09-24 10:13:51 [AWT-EventQueue-0] DEBUG fr.triedge.sekai.pixis.controller.PixisController - ACTION CALLED: Quit
2019-09-24 10:13:51 [AWT-EventQueue-0] DEBUG fr.triedge.sekai.pixis.controller.PixisController - ACTION DONE: Quit
2019-09-24 10:14:25 [main] DEBUG fr.triedge.sekai.pixis.controller.PixisController - Starting initialization...
2019-09-24 10:14:25 [main] DEBUG fr.triedge.sekai.pixis.controller.PixisController - Initialization completed
2019-09-24 10:14:25 [main] DEBUG fr.triedge.sekai.pixis.ui.MainWindow - Windows built
2019-09-24 10:14:26 [AWT-EventQueue-0] DEBUG fr.triedge.sekai.pixis.controller.PixisController - ACTION CALLED: New Project
2019-09-24 10:14:27 [AWT-EventQueue-0] ERROR fr.triedge.sekai.pixis.controller.PixisController - Cannot save project project1.prj
com.sun.xml.internal.bind.v2.runtime.IllegalAnnotationsException: 1 counts of IllegalAnnotationExceptions
	at com.sun.xml.internal.bind.v2.runtime.IllegalAnnotationsException$Builder.check(IllegalAnnotationsException.java:91) ~[?:1.8.0_121]
	at com.sun.xml.internal.bind.v2.runtime.JAXBContextImpl.getTypeInfoSet(JAXBContextImpl.java:445) ~[?:1.8.0_121]
	at com.sun.xml.internal.bind.v2.runtime.JAXBContextImpl.<init>(JAXBContextImpl.java:277) ~[?:1.8.0_121]
	at com.sun.xml.internal.bind.v2.runtime.JAXBContextImpl.<init>(JAXBContextImpl.java:124) ~[?:1.8.0_121]
	at com.sun.xml.internal.bind.v2.runtime.JAXBContextImpl$JAXBContextBuilder.build(JAXBContextImpl.java:1123) ~[?:1.8.0_121]
	at com.sun.xml.internal.bind.v2.ContextFactory.createContext(ContextFactory.java:147) ~[?:1.8.0_121]
	at sun.reflect.NativeMethodAccessorImpl.invoke0(Native Method) ~[?:1.8.0_121]
	at sun.reflect.NativeMethodAccessorImpl.invoke(NativeMethodAccessorImpl.java:62) ~[?:1.8.0_121]
	at sun.reflect.DelegatingMethodAccessorImpl.invoke(DelegatingMethodAccessorImpl.java:43) ~[?:1.8.0_121]
	at java.lang.reflect.Method.invoke(Method.java:498) ~[?:1.8.0_121]
	at javax.xml.bind.ContextFinder.newInstance(ContextFinder.java:247) ~[?:1.8.0_121]
	at javax.xml.bind.ContextFinder.newInstance(ContextFinder.java:234) ~[?:1.8.0_121]
	at javax.xml.bind.ContextFinder.find(ContextFinder.java:462) ~[?:1.8.0_121]
	at javax.xml.bind.JAXBContext.newInstance(JAXBContext.java:641) ~[?:1.8.0_121]
	at javax.xml.bind.JAXBContext.newInstance(JAXBContext.java:584) ~[?:1.8.0_121]
	at fr.triedge.sekai.common.utils.XmlHelper.storeXml(XmlHelper.java:26) ~[bin/:?]
	at fr.triedge.sekai.pixis.utils.Storage.storeProject(Storage.java:13) ~[bin/:?]
	at fr.triedge.sekai.pixis.utils.Storage.storeProjectToDefault(Storage.java:17) ~[bin/:?]
	at fr.triedge.sekai.pixis.model.Project.save(Project.java:26) ~[bin/:?]
	at fr.triedge.sekai.pixis.controller.PixisController.actionNewProject(PixisController.java:86) ~[bin/:?]
	at fr.triedge.sekai.pixis.ui.MainWindow.lambda$3(MainWindow.java:106) ~[bin/:?]
	at javax.swing.AbstractButton.fireActionPerformed(AbstractButton.java:2022) [?:1.8.0_121]
	at javax.swing.AbstractButton$Handler.actionPerformed(AbstractButton.java:2348) [?:1.8.0_121]
	at javax.swing.DefaultButtonModel.fireActionPerformed(DefaultButtonModel.java:402) [?:1.8.0_121]
	at javax.swing.DefaultButtonModel.setPressed(DefaultButtonModel.java:259) [?:1.8.0_121]
	at javax.swing.AbstractButton.doClick(AbstractButton.java:376) [?:1.8.0_121]
	at javax.swing.plaf.basic.BasicMenuItemUI.doClick(BasicMenuItemUI.java:833) [?:1.8.0_121]
	at javax.swing.plaf.basic.BasicMenuItemUI$Handler.mouseReleased(BasicMenuItemUI.java:877) [?:1.8.0_121]
	at java.awt.Component.processMouseEvent(Component.java:6533) [?:1.8.0_121]
	at javax.swing.JComponent.processMouseEvent(JComponent.java:3324) [?:1.8.0_121]
	at java.awt.Component.processEvent(Component.java:6298) [?:1.8.0_121]
	at java.awt.Container.processEvent(Container.java:2236) [?:1.8.0_121]
	at java.awt.Component.dispatchEventImpl(Component.java:4889) [?:1.8.0_121]
	at java.awt.Container.dispatchEventImpl(Container.java:2294) [?:1.8.0_121]
	at java.awt.Component.dispatchEvent(Component.java:4711) [?:1.8.0_121]
	at java.awt.LightweightDispatcher.retargetMouseEvent(Container.java:4888) [?:1.8.0_121]
	at java.awt.LightweightDispatcher.processMouseEvent(Container.java:4525) [?:1.8.0_121]
	at java.awt.LightweightDispatcher.dispatchEvent(Container.java:4466) [?:1.8.0_121]
	at java.awt.Container.dispatchEventImpl(Container.java:2280) [?:1.8.0_121]
	at java.awt.Window.dispatchEventImpl(Window.java:2746) [?:1.8.0_121]
	at java.awt.Component.dispatchEvent(Component.java:4711) [?:1.8.0_121]
	at java.awt.EventQueue.dispatchEventImpl(EventQueue.java:758) [?:1.8.0_121]
	at java.awt.EventQueue.access$500(EventQueue.java:97) [?:1.8.0_121]
	at java.awt.EventQueue$3.run(EventQueue.java:709) [?:1.8.0_121]
	at java.awt.EventQueue$3.run(EventQueue.java:703) [?:1.8.0_121]
	at java.security.AccessController.doPrivileged(Native Method) ~[?:1.8.0_121]
	at java.security.ProtectionDomain$JavaSecurityAccessImpl.doIntersectionPrivilege(ProtectionDomain.java:80) [?:1.8.0_121]
	at java.security.ProtectionDomain$JavaSecurityAccessImpl.doIntersectionPrivilege(ProtectionDomain.java:90) [?:1.8.0_121]
	at java.awt.EventQueue$4.run(EventQueue.java:731) [?:1.8.0_121]
	at java.awt.EventQueue$4.run(EventQueue.java:729) [?:1.8.0_121]
	at java.security.AccessController.doPrivileged(Native Method) ~[?:1.8.0_121]
	at java.security.ProtectionDomain$JavaSecurityAccessImpl.doIntersectionPrivilege(ProtectionDomain.java:80) [?:1.8.0_121]
	at java.awt.EventQueue.dispatchEvent(EventQueue.java:728) [?:1.8.0_121]
	at java.awt.EventDispatchThread.pumpOneEventForFilters(EventDispatchThread.java:201) [?:1.8.0_121]
	at java.awt.EventDispatchThread.pumpEventsForFilter(EventDispatchThread.java:116) [?:1.8.0_121]
	at java.awt.EventDispatchThread.pumpEventsForHierarchy(EventDispatchThread.java:105) [?:1.8.0_121]
	at java.awt.EventDispatchThread.pumpEvents(EventDispatchThread.java:101) [?:1.8.0_121]
	at java.awt.EventDispatchThread.pumpEvents(EventDispatchThread.java:93) [?:1.8.0_121]
	at java.awt.EventDispatchThread.run(EventDispatchThread.java:82) [?:1.8.0_121]
2019-09-24 10:14:27 [AWT-EventQueue-0] DEBUG fr.triedge.sekai.pixis.controller.PixisController - ACTION DONE: New Project
2019-09-24 10:14:52 [AWT-EventQueue-0] DEBUG fr.triedge.sekai.pixis.controller.PixisController - ACTION CALLED: Quit
2019-09-24 10:14:52 [AWT-EventQueue-0] DEBUG fr.triedge.sekai.pixis.controller.PixisController - ACTION DONE: Quit
2019-09-24 10:14:55 [main] DEBUG fr.triedge.sekai.pixis.controller.PixisController - Starting initialization...
2019-09-24 10:14:55 [main] DEBUG fr.triedge.sekai.pixis.controller.PixisController - Initialization completed
2019-09-24 10:14:56 [main] DEBUG fr.triedge.sekai.pixis.ui.MainWindow - Windows built
2019-09-24 10:14:57 [AWT-EventQueue-0] DEBUG fr.triedge.sekai.pixis.controller.PixisController - ACTION CALLED: New Project
2019-09-24 10:14:58 [AWT-EventQueue-0] DEBUG fr.triedge.sekai.pixis.controller.PixisController - Project created: project1.prj
2019-09-24 10:14:58 [AWT-EventQueue-0] DEBUG fr.triedge.sekai.pixis.controller.PixisController - ACTION DONE: New Project
2019-09-24 10:15:05 [AWT-EventQueue-0] DEBUG fr.triedge.sekai.pixis.controller.PixisController - ACTION CALLED: Quit
2019-09-24 10:15:05 [AWT-EventQueue-0] DEBUG fr.triedge.sekai.pixis.controller.PixisController - ACTION DONE: Quit
2019-09-24 10:15:07 [main] DEBUG fr.triedge.sekai.pixis.controller.PixisController - Starting initialization...
2019-09-24 10:15:07 [main] DEBUG fr.triedge.sekai.pixis.controller.PixisController - Initialization completed
2019-09-24 10:15:08 [main] DEBUG fr.triedge.sekai.pixis.ui.MainWindow - Windows built
2019-09-24 10:15:09 [AWT-EventQueue-0] DEBUG fr.triedge.sekai.pixis.controller.PixisController - ACTION CALLED: New Project
2019-09-24 10:15:13 [AWT-EventQueue-0] DEBUG fr.triedge.sekai.pixis.controller.PixisController - Project created: Sekai.prj
2019-09-24 10:15:13 [AWT-EventQueue-0] DEBUG fr.triedge.sekai.pixis.controller.PixisController - ACTION DONE: New Project
2019-09-24 10:15:16 [AWT-EventQueue-0] DEBUG fr.triedge.sekai.pixis.controller.PixisController - ACTION CALLED: New Node of type: MAP
2019-09-24 10:15:35 [AWT-EventQueue-0] DEBUG fr.triedge.sekai.pixis.controller.PixisController - ACTION DONE: New Node of type: MAP
2019-09-24 10:17:19 [AWT-EventQueue-0] DEBUG fr.triedge.sekai.pixis.controller.PixisController - ACTION CALLED: Quit
2019-09-24 10:17:19 [AWT-EventQueue-0] DEBUG fr.triedge.sekai.pixis.controller.PixisController - ACTION DONE: Quit
2019-09-24 13:46:56 [main] DEBUG fr.triedge.sekai.pixis.controller.PixisController - Starting initialization...
2019-09-24 13:46:56 [main] DEBUG fr.triedge.sekai.pixis.controller.PixisController - Initialization completed
2019-09-24 13:46:56 [main] DEBUG fr.triedge.sekai.pixis.ui.MainWindow - Windows built
2019-09-24 13:46:58 [AWT-EventQueue-0] DEBUG fr.triedge.sekai.pixis.controller.PixisController - ACTION CALLED: Open Project
2019-09-24 13:47:00 [AWT-EventQueue-0] DEBUG fr.triedge.sekai.pixis.controller.PixisController - ACTION DONE: Open Project
2019-09-24 13:47:05 [AWT-EventQueue-0] DEBUG fr.triedge.sekai.pixis.controller.PixisController - ACTION CALLED: New Node of type: MAP
2019-09-24 13:47:07 [AWT-EventQueue-0] DEBUG fr.triedge.sekai.pixis.controller.PixisController - ACTION CALLED: New Node of type: MAP
2019-09-24 13:48:54 [AWT-EventQueue-0] DEBUG fr.triedge.sekai.pixis.controller.PixisController - ACTION CALLED: Quit
2019-09-24 13:48:54 [AWT-EventQueue-0] DEBUG fr.triedge.sekai.pixis.controller.PixisController - ACTION DONE: Quit
2019-09-24 13:51:19 [main] DEBUG fr.triedge.sekai.pixis.controller.PixisController - Starting initialization...
2019-09-24 13:51:19 [main] DEBUG fr.triedge.sekai.pixis.controller.PixisController - Initialization completed
2019-09-24 13:51:20 [main] DEBUG fr.triedge.sekai.pixis.ui.MainWindow - Windows built
2019-09-24 13:51:22 [AWT-EventQueue-0] DEBUG fr.triedge.sekai.pixis.controller.PixisController - ACTION CALLED: New Project
2019-09-24 13:51:26 [AWT-EventQueue-0] DEBUG fr.triedge.sekai.pixis.controller.PixisController - Project created: Sekai.prj
2019-09-24 13:51:26 [AWT-EventQueue-0] DEBUG fr.triedge.sekai.pixis.controller.PixisController - ACTION DONE: New Project
2019-09-24 13:51:29 [AWT-EventQueue-0] DEBUG fr.triedge.sekai.pixis.controller.PixisController - ACTION CALLED: New Node of type: MAP
2019-09-24 13:51:50 [AWT-EventQueue-0] DEBUG fr.triedge.sekai.pixis.controller.PixisController - ACTION DONE: New Node of type: MAP
2019-09-24 14:05:16 [AWT-EventQueue-0] DEBUG fr.triedge.sekai.pixis.controller.PixisController - ACTION CALLED: Quit
2019-09-24 14:05:16 [AWT-EventQueue-0] DEBUG fr.triedge.sekai.pixis.controller.PixisController - ACTION DONE: Quit
2019-09-24 14:12:49 [main] DEBUG fr.triedge.sekai.pixis.controller.PixisController - Starting initialization...
2019-09-24 14:12:49 [main] DEBUG fr.triedge.sekai.pixis.controller.PixisController - Initialization completed
2019-09-24 14:12:50 [main] DEBUG fr.triedge.sekai.pixis.ui.MainWindow - Windows built
2019-09-24 14:12:51 [AWT-EventQueue-0] DEBUG fr.triedge.sekai.pixis.controller.PixisController - ACTION CALLED: Open Project
2019-09-24 14:12:53 [AWT-EventQueue-0] ERROR fr.triedge.sekai.pixis.controller.PixisController - Cannot load project
javax.xml.bind.UnmarshalException: null
	at javax.xml.bind.helpers.AbstractUnmarshallerImpl.createUnmarshalException(AbstractUnmarshallerImpl.java:335) ~[?:1.8.0_121]
	at com.sun.xml.internal.bind.v2.runtime.unmarshaller.UnmarshallerImpl.createUnmarshalException(UnmarshallerImpl.java:563) ~[?:1.8.0_121]
	at com.sun.xml.internal.bind.v2.runtime.unmarshaller.UnmarshallerImpl.unmarshal0(UnmarshallerImpl.java:249) ~[?:1.8.0_121]
	at com.sun.xml.internal.bind.v2.runtime.unmarshaller.UnmarshallerImpl.unmarshal(UnmarshallerImpl.java:214) ~[?:1.8.0_121]
	at javax.xml.bind.helpers.AbstractUnmarshallerImpl.unmarshal(AbstractUnmarshallerImpl.java:157) ~[?:1.8.0_121]
	at javax.xml.bind.helpers.AbstractUnmarshallerImpl.unmarshal(AbstractUnmarshallerImpl.java:162) ~[?:1.8.0_121]
	at javax.xml.bind.helpers.AbstractUnmarshallerImpl.unmarshal(AbstractUnmarshallerImpl.java:171) ~[?:1.8.0_121]
	at javax.xml.bind.helpers.AbstractUnmarshallerImpl.unmarshal(AbstractUnmarshallerImpl.java:189) ~[?:1.8.0_121]
	at fr.triedge.sekai.common.utils.XmlHelper.loadXml(XmlHelper.java:43) ~[bin/:?]
	at fr.triedge.sekai.pixis.utils.Storage.loadProject(Storage.java:21) ~[bin/:?]
	at fr.triedge.sekai.pixis.controller.PixisController.actionOpenProject(PixisController.java:113) ~[bin/:?]
	at fr.triedge.sekai.pixis.ui.MainWindow.lambda$4(MainWindow.java:108) ~[bin/:?]
	at javax.swing.AbstractButton.fireActionPerformed(AbstractButton.java:2022) [?:1.8.0_121]
	at javax.swing.AbstractButton$Handler.actionPerformed(AbstractButton.java:2348) [?:1.8.0_121]
	at javax.swing.DefaultButtonModel.fireActionPerformed(DefaultButtonModel.java:402) [?:1.8.0_121]
	at javax.swing.DefaultButtonModel.setPressed(DefaultButtonModel.java:259) [?:1.8.0_121]
	at javax.swing.AbstractButton.doClick(AbstractButton.java:376) [?:1.8.0_121]
	at javax.swing.plaf.basic.BasicMenuItemUI.doClick(BasicMenuItemUI.java:833) [?:1.8.0_121]
	at javax.swing.plaf.basic.BasicMenuItemUI$Handler.mouseReleased(BasicMenuItemUI.java:877) [?:1.8.0_121]
	at java.awt.Component.processMouseEvent(Component.java:6533) [?:1.8.0_121]
	at javax.swing.JComponent.processMouseEvent(JComponent.java:3324) [?:1.8.0_121]
	at java.awt.Component.processEvent(Component.java:6298) [?:1.8.0_121]
	at java.awt.Container.processEvent(Container.java:2236) [?:1.8.0_121]
	at java.awt.Component.dispatchEventImpl(Component.java:4889) [?:1.8.0_121]
	at java.awt.Container.dispatchEventImpl(Container.java:2294) [?:1.8.0_121]
	at java.awt.Component.dispatchEvent(Component.java:4711) [?:1.8.0_121]
	at java.awt.LightweightDispatcher.retargetMouseEvent(Container.java:4888) [?:1.8.0_121]
	at java.awt.LightweightDispatcher.processMouseEvent(Container.java:4525) [?:1.8.0_121]
	at java.awt.LightweightDispatcher.dispatchEvent(Container.java:4466) [?:1.8.0_121]
	at java.awt.Container.dispatchEventImpl(Container.java:2280) [?:1.8.0_121]
	at java.awt.Window.dispatchEventImpl(Window.java:2746) [?:1.8.0_121]
	at java.awt.Component.dispatchEvent(Component.java:4711) [?:1.8.0_121]
	at java.awt.EventQueue.dispatchEventImpl(EventQueue.java:758) [?:1.8.0_121]
	at java.awt.EventQueue.access$500(EventQueue.java:97) [?:1.8.0_121]
	at java.awt.EventQueue$3.run(EventQueue.java:709) [?:1.8.0_121]
	at java.awt.EventQueue$3.run(EventQueue.java:703) [?:1.8.0_121]
	at java.security.AccessController.doPrivileged(Native Method) ~[?:1.8.0_121]
	at java.security.ProtectionDomain$JavaSecurityAccessImpl.doIntersectionPrivilege(ProtectionDomain.java:80) [?:1.8.0_121]
	at java.security.ProtectionDomain$JavaSecurityAccessImpl.doIntersectionPrivilege(ProtectionDomain.java:90) [?:1.8.0_121]
	at java.awt.EventQueue$4.run(EventQueue.java:731) [?:1.8.0_121]
	at java.awt.EventQueue$4.run(EventQueue.java:729) [?:1.8.0_121]
	at java.security.AccessController.doPrivileged(Native Method) ~[?:1.8.0_121]
	at java.security.ProtectionDomain$JavaSecurityAccessImpl.doIntersectionPrivilege(ProtectionDomain.java:80) [?:1.8.0_121]
	at java.awt.EventQueue.dispatchEvent(EventQueue.java:728) [?:1.8.0_121]
	at java.awt.EventDispatchThread.pumpOneEventForFilters(EventDispatchThread.java:201) [?:1.8.0_121]
	at java.awt.EventDispatchThread.pumpEventsForFilter(EventDispatchThread.java:116) [?:1.8.0_121]
	at java.awt.EventDispatchThread.pumpEventsForHierarchy(EventDispatchThread.java:105) [?:1.8.0_121]
	at java.awt.EventDispatchThread.pumpEvents(EventDispatchThread.java:101) [?:1.8.0_121]
	at java.awt.EventDispatchThread.pumpEvents(EventDispatchThread.java:93) [?:1.8.0_121]
	at java.awt.EventDispatchThread.run(EventDispatchThread.java:82) [?:1.8.0_121]
Caused by: org.xml.sax.SAXParseException: An invalid XML character (Unicode: 0x1a) was found in the element content of the document.
	at com.sun.org.apache.xerces.internal.util.ErrorHandlerWrapper.createSAXParseException(ErrorHandlerWrapper.java:203) ~[?:1.8.0_121]
	at com.sun.org.apache.xerces.internal.util.ErrorHandlerWrapper.fatalError(ErrorHandlerWrapper.java:177) ~[?:1.8.0_121]
	at com.sun.org.apache.xerces.internal.impl.XMLErrorReporter.reportError(XMLErrorReporter.java:400) ~[?:1.8.0_121]
	at com.sun.org.apache.xerces.internal.impl.XMLErrorReporter.reportError(XMLErrorReporter.java:327) ~[?:1.8.0_121]
	at com.sun.org.apache.xerces.internal.impl.XMLScanner.reportFatalError(XMLScanner.java:1472) ~[?:1.8.0_121]
	at com.sun.org.apache.xerces.internal.impl.XMLDocumentFragmentScannerImpl$FragmentContentDriver.next(XMLDocumentFragmentScannerImpl.java:2923) ~[?:1.8.0_121]
	at com.sun.org.apache.xerces.internal.impl.XMLDocumentScannerImpl.next(XMLDocumentScannerImpl.java:602) ~[?:1.8.0_121]
	at com.sun.org.apache.xerces.internal.impl.XMLNSDocumentScannerImpl.next(XMLNSDocumentScannerImpl.java:112) ~[?:1.8.0_121]
	at com.sun.org.apache.xerces.internal.impl.XMLDocumentFragmentScannerImpl.scanDocument(XMLDocumentFragmentScannerImpl.java:505) ~[?:1.8.0_121]
	at com.sun.org.apache.xerces.internal.parsers.XML11Configuration.parse(XML11Configuration.java:841) ~[?:1.8.0_121]
	at com.sun.org.apache.xerces.internal.parsers.XML11Configuration.parse(XML11Configuration.java:770) ~[?:1.8.0_121]
	at com.sun.org.apache.xerces.internal.parsers.XMLParser.parse(XMLParser.java:141) ~[?:1.8.0_121]
	at com.sun.org.apache.xerces.internal.parsers.AbstractSAXParser.parse(AbstractSAXParser.java:1213) ~[?:1.8.0_121]
	at com.sun.org.apache.xerces.internal.jaxp.SAXParserImpl$JAXPSAXParser.parse(SAXParserImpl.java:643) ~[?:1.8.0_121]
	at com.sun.xml.internal.bind.v2.runtime.unmarshaller.UnmarshallerImpl.unmarshal0(UnmarshallerImpl.java:243) ~[?:1.8.0_121]
	... 47 more
2019-09-24 14:12:53 [AWT-EventQueue-0] DEBUG fr.triedge.sekai.pixis.controller.PixisController - ACTION DONE: Open Project
2019-09-24 14:33:14 [AWT-EventQueue-0] DEBUG fr.triedge.sekai.pixis.controller.PixisController - ACTION CALLED: Open Project
2019-09-24 14:41:47 [AWT-EventQueue-0] DEBUG fr.triedge.sekai.pixis.controller.PixisController - ACTION CALLED: Quit
2019-09-24 14:41:47 [AWT-EventQueue-0] DEBUG fr.triedge.sekai.pixis.controller.PixisController - ACTION DONE: Quit
2019-09-24 14:41:50 [main] DEBUG fr.triedge.sekai.pixis.controller.PixisController - Starting initialization...
2019-09-24 14:41:50 [main] DEBUG fr.triedge.sekai.pixis.controller.PixisController - Initialization completed
2019-09-24 14:41:51 [main] DEBUG fr.triedge.sekai.pixis.ui.MainWindow - Windows built
2019-09-24 14:41:53 [AWT-EventQueue-0] DEBUG fr.triedge.sekai.pixis.controller.PixisController - ACTION CALLED: New Project
2019-09-24 14:41:57 [AWT-EventQueue-0] DEBUG fr.triedge.sekai.pixis.controller.PixisController - Project created: Sekai.prj
2019-09-24 14:41:57 [AWT-EventQueue-0] DEBUG fr.triedge.sekai.pixis.controller.PixisController - ACTION DONE: New Project
2019-09-24 14:41:59 [AWT-EventQueue-0] DEBUG fr.triedge.sekai.pixis.controller.PixisController - ACTION CALLED: New Node of type: MAP
2019-09-24 14:42:03 [AWT-EventQueue-0] DEBUG fr.triedge.sekai.pixis.controller.PixisController - ACTION DONE: New Node of type: MAP
2019-09-24 14:49:28 [AWT-EventQueue-0] DEBUG fr.triedge.sekai.pixis.controller.PixisController - ACTION CALLED: Quit
2019-09-24 14:49:28 [AWT-EventQueue-0] DEBUG fr.triedge.sekai.pixis.controller.PixisController - ACTION DONE: Quit
2019-09-24 14:50:15 [main] DEBUG fr.triedge.sekai.pixis.controller.PixisController - Starting initialization...
2019-09-24 14:50:15 [main] DEBUG fr.triedge.sekai.pixis.controller.PixisController - Initialization completed
2019-09-24 14:50:15 [main] DEBUG fr.triedge.sekai.pixis.ui.MainWindow - Windows built
2019-09-24 14:50:18 [AWT-EventQueue-0] DEBUG fr.triedge.sekai.pixis.controller.PixisController - ACTION CALLED: Open Project
2019-09-24 14:50:20 [AWT-EventQueue-0] DEBUG fr.triedge.sekai.pixis.controller.PixisController - ACTION DONE: Open Project
2019-09-24 14:50:31 [AWT-EventQueue-0] DEBUG fr.triedge.sekai.pixis.controller.PixisController - ACTION CALLED: Quit
2019-09-24 14:50:31 [AWT-EventQueue-0] DEBUG fr.triedge.sekai.pixis.controller.PixisController - ACTION DONE: Quit
